TN:
SF:src\utils\date.js
FN:5,(anonymous_0)
FN:16,(anonymous_1)
FN:27,(anonymous_2)
FNF:3
FNH:3
FNDA:4,(anonymous_0)
FNDA:3,(anonymous_1)
FNDA:3,(anonymous_2)
DA:5,1
DA:6,4
DA:7,2
DA:8,2
DA:9,2
DA:10,1
DA:12,0
DA:16,1
DA:17,3
DA:18,2
DA:19,2
DA:20,2
DA:21,1
DA:23,0
DA:27,1
DA:28,3
DA:29,2
DA:30,2
DA:31,2
DA:32,1
DA:34,0
LF:21
LH:18
BRDA:6,0,0,2
BRDA:6,0,1,2
BRDA:9,1,0,1
BRDA:9,1,1,1
BRDA:17,2,0,1
BRDA:17,2,1,2
BRDA:20,3,0,1
BRDA:20,3,1,1
BRDA:28,4,0,1
BRDA:28,4,1,2
BRDA:31,5,0,1
BRDA:31,5,1,1
BRF:12
BRH:12
end_of_record
TN:
SF:src\utils\validation.js
FN:7,(anonymous_0)
FN:13,(anonymous_1)
FN:19,(anonymous_2)
FN:25,(anonymous_3)
FN:30,(anonymous_4)
FN:38,(anonymous_5)
FN:51,(anonymous_6)
FN:56,(anonymous_7)
FN:62,(anonymous_8)
FN:70,(anonymous_9)
FN:78,(anonymous_10)
FN:78,(anonymous_11)
FN:79,(anonymous_12)
FN:79,(anonymous_13)
FN:86,validate
FN:96,(anonymous_15)
FN:99,(anonymous_16)
FNF:17
FNH:17
FNDA:6,(anonymous_0)
FNDA:5,(anonymous_1)
FNDA:3,(anonymous_2)
FNDA:3,(anonymous_3)
FNDA:4,(anonymous_4)
FNDA:5,(anonymous_5)
FNDA:2,(anonymous_6)
FNDA:3,(anonymous_7)
FNDA:4,(anonymous_8)
FNDA:3,(anonymous_9)
FNDA:2,(anonymous_10)
FNDA:2,(anonymous_11)
FNDA:2,(anonymous_12)
FNDA:2,(anonymous_13)
FNDA:1,validate
FNDA:2,(anonymous_15)
FNDA:3,(anonymous_16)
DA:6,1
DA:8,6
DA:9,4
DA:10,3
DA:14,5
DA:15,4
DA:16,4
DA:20,3
DA:21,2
DA:22,2
DA:26,3
DA:27,2
DA:31,4
DA:32,3
DA:33,3
DA:34,2
DA:35,1
DA:39,5
DA:40,4
DA:41,4
DA:42,3
DA:43,3
DA:44,3
DA:45,2
DA:46,2
DA:47,2
DA:48,1
DA:52,2
DA:53,2
DA:57,3
DA:58,2
DA:59,2
DA:63,4
DA:64,3
DA:65,3
DA:66,2
DA:67,1
DA:71,3
DA:73,2
DA:74,2
DA:75,1
DA:78,2
DA:79,2
DA:87,1
DA:96,1
DA:97,2
DA:99,2
DA:100,3
DA:101,3
DA:103,3
DA:104,4
DA:106,4
DA:107,1
DA:108,3
DA:109,3
DA:112,4
DA:113,2
DA:114,2
DA:119,2
LF:59
LH:59
BRDA:8,0,0,2
BRDA:8,0,1,4
BRDA:8,1,0,6
BRDA:8,1,1,5
BRDA:9,2,0,1
BRDA:9,2,1,3
BRDA:9,3,0,4
BRDA:9,3,1,3
BRDA:14,4,0,1
BRDA:14,4,1,4
BRDA:16,5,0,2
BRDA:16,5,1,2
BRDA:20,6,0,1
BRDA:20,6,1,2
BRDA:22,7,0,1
BRDA:22,7,1,1
BRDA:26,8,0,1
BRDA:26,8,1,2
BRDA:27,9,0,1
BRDA:27,9,1,1
BRDA:31,10,0,1
BRDA:31,10,1,3
BRDA:33,11,0,1
BRDA:33,11,1,2
BRDA:34,12,0,1
BRDA:34,12,1,1
BRDA:34,13,0,2
BRDA:34,13,1,2
BRDA:39,14,0,1
BRDA:39,14,1,4
BRDA:41,15,0,1
BRDA:41,15,1,3
BRDA:44,16,0,1
BRDA:44,16,1,2
BRDA:47,17,0,1
BRDA:47,17,1,1
BRDA:52,18,0,0
BRDA:52,18,1,2
BRDA:53,19,0,1
BRDA:53,19,1,1
BRDA:57,20,0,1
BRDA:57,20,1,2
BRDA:59,21,0,1
BRDA:59,21,1,1
BRDA:59,22,0,2
BRDA:59,22,1,2
BRDA:63,23,0,1
BRDA:63,23,1,3
BRDA:65,24,0,1
BRDA:65,24,1,2
BRDA:66,25,0,1
BRDA:66,25,1,1
BRDA:71,26,0,1
BRDA:71,26,1,2
BRDA:74,27,0,1
BRDA:74,27,1,1
BRDA:78,28,0,1
BRDA:78,28,1,1
BRDA:78,29,0,2
BRDA:78,29,1,2
BRDA:79,30,0,1
BRDA:79,30,1,1
BRDA:79,31,0,2
BRDA:79,31,1,2
BRDA:106,32,0,1
BRDA:106,32,1,3
BRDA:108,33,0,3
BRDA:108,33,1,0
BRDA:108,34,0,3
BRDA:108,34,1,3
BRDA:112,35,0,2
BRDA:112,35,1,2
BRF:72
BRH:70
end_of_record
